thomas@anythingbox:broken-npm$ sh ./seporate.sh
npm WARN prefer global babel-cli@6.1.2 should be installed with -g

> fsevents@1.0.5 install /Users/thomas/Desktop/broken-npm/node_modules/fsevents
> node-pre-gyp install --fallback-to-build

[fsevents] Success: "/Users/thomas/Desktop/broken-npm/node_modules/fsevents/lib/binding/Release/node-v47-darwin-x64/fse.node" is installed via remote
broken-npm@1.0.0 /Users/thomas/Desktop/broken-npm
└─┬ babel-cli@6.1.2
  ├─┬ babel-core@6.1.2
  │ ├─┬ babel-code-frame@6.0.15
  │ │ ├── js-tokens@1.0.2
  │ │ ├─┬ line-numbers@0.2.0
  │ │ │ └── left-pad@0.0.3
  │ │ └─┬ repeating@1.1.3
  │ │   └─┬ is-finite@1.0.1
  │ │     └── number-is-nan@1.0.0
  │ ├─┬ babel-generator@6.1.2
  │ │ ├─┬ detect-indent@3.0.1
  │ │ │ └── get-stdin@4.0.1
  │ │ ├── is-integer@1.0.6
  │ │ ├── source-map@0.4.4
  │ │ └── trim-right@1.0.1
  │ ├── babel-helpers@6.1.2
  │ ├── babel-messages@6.0.15
  │ ├── babel-template@6.0.16
  │ ├─┬ babel-traverse@6.1.2
  │ │ ├── globals@8.11.0
  │ │ └─┬ invariant@2.1.2
  │ │   └── loose-envify@1.1.0
  │ ├─┬ babel-types@6.1.2
  │ │ └── to-fast-properties@1.0.1
  │ ├── babylon@6.1.2
  │ ├─┬ debug@2.2.0
  │ │ └── ms@0.7.1
  │ ├── esutils@2.0.2
  │ ├─┬ home-or-tmp@1.0.0
  │ │ └── os-tmpdir@1.0.1
  │ ├── json5@0.4.0
  │ ├─┬ minimatch@2.0.10
  │ │ └─┬ brace-expansion@1.1.1
  │ │   ├── balanced-match@0.2.1
  │ │   └── concat-map@0.0.1
  │ ├── private@0.1.6
  │ ├─┬ regenerator@0.8.35
  │ │ ├─┬ commoner@0.10.4
  │ │ │ ├─┬ detective@4.3.1
  │ │ │ │ ├── acorn@1.2.2
  │ │ │ │ └── defined@1.0.0
  │ │ │ ├── iconv-lite@0.4.13
  │ │ │ └── q@1.4.1
  │ │ ├─┬ defs@1.1.1
  │ │ │ ├─┬ alter@0.2.0
  │ │ │ │ └── stable@0.1.5
  │ │ │ ├── ast-traverse@0.1.1
  │ │ │ ├── breakable@1.0.0
  │ │ │ ├── esprima-fb@15001.1001.0-dev-harmony-fb
  │ │ │ ├── simple-fmt@0.1.0
  │ │ │ ├── simple-is@0.2.0
  │ │ │ ├── stringmap@0.2.2
  │ │ │ ├── stringset@0.2.1
  │ │ │ ├── tryor@0.1.2
  │ │ │ └─┬ yargs@3.27.0
  │ │ │   ├── camelcase@1.2.1
  │ │ │   ├─┬ cliui@2.1.0
  │ │ │   │ ├─┬ center-align@0.1.2
  │ │ │   │ │ └─┬ align-text@0.1.3
  │ │ │   │ │   └── longest@1.0.1
  │ │ │   │ ├── right-align@0.1.3
  │ │ │   │ └── wordwrap@0.0.2
  │ │ │   ├── decamelize@1.1.1
  │ │ │   ├─┬ os-locale@1.4.0
  │ │ │   │ └─┬ lcid@1.0.0
  │ │ │   │   └── invert-kv@1.0.0
  │ │ │   ├── window-size@0.1.2
  │ │ │   └── y18n@3.2.0
  │ │ ├── esprima-fb@15001.1.0-dev-harmony-fb
  │ │ ├─┬ recast@0.10.24
  │ │ │ ├── ast-types@0.8.5
  │ │ │ └── source-map@0.4.4
  │ │ └── through@2.3.8
  │ ├── shebang-regex@1.0.0
  │ ├─┬ source-map@0.4.4
  │ │ └── amdefine@1.0.0
  │ └─┬ source-map-support@0.2.10
  │   └── source-map@0.1.32
  ├─┬ babel-polyfill@6.0.16
  │ ├── core-js@1.2.6
  │ └─┬ regenerator@0.8.42
  │   ├── esprima-fb@15001.1001.0-dev-harmony-fb
  │   └─┬ recast@0.10.33
  │     └── ast-types@0.8.12
  ├── babel-runtime@5.8.29
  ├─┬ bin-version-check@2.1.0
  │ ├─┬ bin-version@1.0.4
  │ │ └─┬ find-versions@1.1.3
  │ │   ├── array-uniq@1.0.2
  │ │   ├─┬ meow@3.5.0
  │ │   │ ├─┬ camelcase-keys@1.0.0
  │ │   │ │ └── map-obj@1.0.1
  │ │   │ ├── loud-rejection@1.0.0
  │ │   │ ├─┬ normalize-package-data@2.3.5
  │ │   │ │ ├── hosted-git-info@2.1.4
  │ │   │ │ ├─┬ is-builtin-module@1.0.0
  │ │   │ │ │ └── builtin-modules@1.1.0
  │ │   │ │ └─┬ validate-npm-package-license@3.0.1
  │ │   │ │   ├─┬ spdx-correct@1.0.2
  │ │   │ │   │ └── spdx-license-ids@1.1.0
  │ │   │ │   └─┬ spdx-expression-parse@1.0.1
  │ │   │ │     └── spdx-exceptions@1.0.4
  │ │   │ ├── object-assign@4.0.1
  │ │   │ ├─┬ read-pkg-up@1.0.1
  │ │   │ │ ├─┬ find-up@1.0.0
  │ │   │ │ │ └── path-exists@2.0.0
  │ │   │ │ └─┬ read-pkg@1.1.0
  │ │   │ │   ├─┬ load-json-file@1.0.1
  │ │   │ │   │ ├─┬ parse-json@2.2.0
  │ │   │ │   │ │ └─┬ error-ex@1.3.0
  │ │   │ │   │ │   └── is-arrayish@0.2.1
  │ │   │ │   │ ├── pify@2.3.0
  │ │   │ │   │ └─┬ strip-bom@2.0.0
  │ │   │ │   │   └── is-utf8@0.2.0
  │ │   │ │   └── path-type@1.0.0
  │ │   │ ├─┬ redent@1.0.0
  │ │   │ │ ├─┬ indent-string@2.1.0
  │ │   │ │ │ └── repeating@2.0.0
  │ │   │ │ └── strip-indent@1.0.1
  │ │   │ └── trim-newlines@1.0.0
  │ │   └── semver-regex@1.0.0
  │ ├── minimist@1.2.0
  │ ├── semver@4.3.6
  │ └── semver-truncate@1.0.0
  ├─┬ chalk@1.1.1
  │ ├── ansi-styles@2.1.0
  │ ├── escape-string-regexp@1.0.3
  │ ├─┬ has-ansi@2.0.0
  │ │ └── ansi-regex@2.0.0
  │ ├── strip-ansi@3.0.0
  │ └── supports-color@2.0.0
  ├─┬ chokidar@1.2.0
  │ ├─┬ anymatch@1.3.0
  │ │ └─┬ micromatch@2.3.2
  │ │   ├─┬ arr-diff@1.1.0
  │ │   │ ├── arr-flatten@1.0.1
  │ │   │ └── array-slice@0.2.3
  │ │   ├── array-unique@0.2.1
  │ │   ├─┬ braces@1.8.2
  │ │   │ ├─┬ expand-range@1.8.1
  │ │   │ │ └─┬ fill-range@2.2.2
  │ │   │ │   ├── is-number@1.1.2
  │ │   │ │   ├── isobject@1.0.2
  │ │   │ │   ├─┬ randomatic@1.1.1
  │ │   │ │   │ └─┬ is-number@2.0.2
  │ │   │ │   │   └── kind-of@1.1.0
  │ │   │ │   └── repeat-string@1.5.2
  │ │   │ ├── preserve@0.2.0
  │ │   │ └── repeat-element@1.1.2
  │ │   ├── expand-brackets@0.1.4
  │ │   ├─┬ extglob@0.3.1
  │ │   │ ├─┬ ansi-green@0.1.1
  │ │   │ │ └── ansi-wrap@0.1.0
  │ │   │ └── success-symbol@0.1.0
  │ │   ├── filename-regex@2.0.0
  │ │   ├─┬ kind-of@2.0.1
  │ │   │ └── is-buffer@1.1.0
  │ │   ├── lazy-cache@0.2.4
  │ │   ├── normalize-path@2.0.0
  │ │   ├─┬ object.omit@2.0.0
  │ │   │ ├─┬ for-own@0.1.3
  │ │   │ │ └── for-in@0.1.4
  │ │   │ └── is-extendable@0.1.1
  │ │   ├─┬ parse-glob@3.0.4
  │ │   │ ├── glob-base@0.3.0
  │ │   │ └── is-dotfile@1.0.2
  │ │   └─┬ regex-cache@0.4.2
  │ │     ├── is-equal-shallow@0.1.3
  │ │     └── is-primitive@2.0.0
  │ ├── arrify@1.0.0
  │ ├── async-each@0.1.6
  │ ├─┬ fsevents@1.0.5
  │ │ ├── nan@2.1.0
  │ │ └─┬ node-pre-gyp@0.6.15
  │ │   ├─┬ mkdirp@0.5.1
  │ │   │ └── minimist@0.0.8
  │ │   ├─┬ npmlog@1.2.1
  │ │   │ └─┬ are-we-there-yet@1.0.4
  │ │   │   └─┬ readable-stream@1.1.13
  │ │   │     ├── core-util-is@1.0.1
  │ │   │     ├── isarray@0.0.1
  │ │   │     └── string_decoder@0.10.31
  │ │   ├─┬ rc@1.1.2
  │ │   │ └── minimist@1.2.0
  │ │   ├─┬ request@2.65.0
  │ │   │ ├── aws-sign2@0.6.0
  │ │   │ ├─┬ bl@1.0.0
  │ │   │ │ └─┬ readable-stream@2.0.4
  │ │   │ │   ├── core-util-is@1.0.1
  │ │   │ │   ├── inherits@2.0.1
  │ │   │ │   ├── isarray@0.0.1
  │ │   │ │   ├── process-nextick-args@1.0.3
  │ │   │ │   ├── string_decoder@0.10.31
  │ │   │ │   └── util-deprecate@1.0.2
  │ │   │ ├── caseless@0.11.0
  │ │   │ ├─┬ combined-stream@1.0.5
  │ │   │ │ └── delayed-stream@1.0.0
  │ │   │ ├── extend@3.0.0
  │ │   │ ├── forever-agent@0.6.1
  │ │   │ ├─┬ form-data@1.0.0-rc3
  │ │   │ │ └── async@1.5.0
  │ │   │ ├─┬ har-validator@2.0.2
  │ │   │ │ ├─┬ chalk@1.1.1
  │ │   │ │ │ ├── ansi-styles@2.1.0
  │ │   │ │ │ ├── escape-string-regexp@1.0.3
  │ │   │ │ │ ├─┬ has-ansi@2.0.0
  │ │   │ │ │ │ └── ansi-regex@2.0.0
  │ │   │ │ │ ├── strip-ansi@3.0.0
  │ │   │ │ │ └── supports-color@2.0.0
  │ │   │ │ ├─┬ commander@2.9.0
  │ │   │ │ │ └── graceful-readlink@1.0.1
  │ │   │ │ ├─┬ is-my-json-valid@2.12.2
  │ │   │ │ │ ├── generate-function@2.0.0
  │ │   │ │ │ ├─┬ generate-object-property@1.2.0
  │ │   │ │ │ │ └── is-property@1.0.2
  │ │   │ │ │ ├── jsonpointer@2.0.0
  │ │   │ │ │ └── xtend@4.0.1
  │ │   │ │ └─┬ pinkie-promise@1.0.0
  │ │   │ │   └── pinkie@1.0.0
  │ │   │ ├─┬ hawk@3.1.0
  │ │   │ │ ├── boom@2.10.1
  │ │   │ │ ├── cryptiles@2.0.5
  │ │   │ │ ├── hoek@2.16.3
  │ │   │ │ └── sntp@1.0.9
  │ │   │ ├─┬ http-signature@0.11.0
  │ │   │ │ ├── asn1@0.1.11
  │ │   │ │ ├── assert-plus@0.1.5
  │ │   │ │ └── ctype@0.5.3
  │ │   │ ├── isstream@0.1.2
  │ │   │ ├── json-stringify-safe@5.0.1
  │ │   │ ├─┬ mime-types@2.1.7
  │ │   │ │ └── mime-db@1.19.0
  │ │   │ ├── node-uuid@1.4.3
  │ │   │ ├── oauth-sign@0.8.0
  │ │   │ ├── qs@5.2.0
  │ │   │ ├── stringstream@0.0.5
  │ │   │ ├── tough-cookie@2.2.0
  │ │   │ └── tunnel-agent@0.4.1
  │ │   ├─┬ rimraf@2.4.3
  │ │   │ └─┬ glob@5.0.15
  │ │   │   ├─┬ inflight@1.0.4
  │ │   │   │ ├── once@1.3.2
  │ │   │   │ └── wrappy@1.0.1
  │ │   │   ├─┬ minimatch@3.0.0
  │ │   │   │ └─┬ brace-expansion@1.1.1
  │ │   │   │   ├── balanced-match@0.2.1
  │ │   │   │   └── concat-map@0.0.1
  │ │   │   ├── once@1.3.2
  │ │   │   └── path-is-absolute@1.0.0
  │ │   ├─┬ tar@2.2.1
  │ │   │ └── inherits@2.0.1
  │ │   └─┬ tar-pack@3.1.0
  │ │     ├── graceful-fs@4.1.2
  │ │     └─┬ readable-stream@1.0.33
  │ │       ├── core-util-is@1.0.1
  │ │       ├── inherits@2.0.1
  │ │       ├── isarray@0.0.1
  │ │       └── string_decoder@0.10.31
  │ ├── glob-parent@2.0.0
  │ ├─┬ is-binary-path@1.0.1
  │ │ └── binary-extensions@1.3.1
  │ ├─┬ is-glob@2.0.1
  │ │ └── is-extglob@1.0.0
  │ ├─┬ lodash.flatten@3.0.2
  │ │ ├─┬ lodash._baseflatten@3.1.4
  │ │ │ ├── lodash.isarguments@3.0.4
  │ │ │ └── lodash.isarray@3.0.4
  │ │ └── lodash._isiterateecall@3.0.9
  │ └─┬ readdirp@2.0.0
  │   ├── graceful-fs@4.1.2
  │   └─┬ readable-stream@2.0.4
  │     ├── core-util-is@1.0.1
  │     ├── isarray@0.0.1
  │     ├── process-nextick-args@1.0.3
  │     ├── string_decoder@0.10.31
  │     └── util-deprecate@1.0.2
  ├─┬ commander@2.9.0
  │ └── graceful-readlink@1.0.1
  ├── convert-source-map@1.1.1
  ├── fs-readdir-recursive@0.1.2
  ├─┬ glob@5.0.15
  │ ├─┬ inflight@1.0.4
  │ │ └── wrappy@1.0.1
  │ ├── inherits@2.0.1
  │ └── once@1.3.2
  ├── lodash@3.10.1
  ├── log-symbols@1.0.2
  ├─┬ output-file-sync@1.1.1
  │ ├─┬ mkdirp@0.5.1
  │ │ └── minimist@0.0.8
  │ └── xtend@4.0.1
  ├── path-exists@1.0.0
  ├── path-is-absolute@1.0.0
  ├─┬ request@2.65.0
  │ ├── aws-sign2@0.6.0
  │ ├── bl@1.0.0
  │ ├── caseless@0.11.0
  │ ├─┬ combined-stream@1.0.5
  │ │ └── delayed-stream@1.0.0
  │ ├── extend@3.0.0
  │ ├── forever-agent@0.6.1
  │ ├─┬ form-data@1.0.0-rc3
  │ │ └── async@1.5.0
  │ ├─┬ har-validator@2.0.2
  │ │ ├─┬ is-my-json-valid@2.12.3
  │ │ │ ├── generate-function@2.0.0
  │ │ │ ├─┬ generate-object-property@1.2.0
  │ │ │ │ └── is-property@1.0.2
  │ │ │ └── jsonpointer@2.0.0
  │ │ └─┬ pinkie-promise@1.0.0
  │ │   └── pinkie@1.0.0
  │ ├─┬ hawk@3.1.1
  │ │ ├── boom@2.10.1
  │ │ ├── cryptiles@2.0.5
  │ │ ├── hoek@2.16.3
  │ │ └── sntp@1.0.9
  │ ├─┬ http-signature@0.11.0
  │ │ ├── asn1@0.1.11
  │ │ ├── assert-plus@0.1.5
  │ │ └── ctype@0.5.3
  │ ├── isstream@0.1.2
  │ ├── json-stringify-safe@5.0.1
  │ ├─┬ mime-types@2.1.7
  │ │ └── mime-db@1.19.0
  │ ├── node-uuid@1.4.3
  │ ├── oauth-sign@0.8.0
  │ ├── qs@5.2.0
  │ ├── stringstream@0.0.5
  │ ├── tough-cookie@2.2.0
  │ └── tunnel-agent@0.4.1
  ├── slash@1.0.0
  ├── source-map@0.5.3
  └─┬ v8flags@2.0.10
    └── user-home@1.1.1

npm WARN EPACKAGEJSON broken-npm@1.0.0 No description
npm WARN EPACKAGEJSON broken-npm@1.0.0 No repository field.
broken-npm@1.0.0 /Users/thomas/Desktop/broken-npm
└── babel-plugin-syntax-async-functions@6.0.14

npm WARN EPACKAGEJSON broken-npm@1.0.0 No description
npm WARN EPACKAGEJSON broken-npm@1.0.0 No repository field.
broken-npm@1.0.0 /Users/thomas/Desktop/broken-npm
└─┬ babel-plugin-transform-regenerator@6.0.18
  ├── babel-plugin-transform-es2015-block-scoping@6.0.18
  └── babel-plugin-transform-es2015-for-of@6.0.14

npm WARN EPACKAGEJSON broken-npm@1.0.0 No description
npm WARN EPACKAGEJSON broken-npm@1.0.0 No repository field.
broken-npm@1.0.0 /Users/thomas/Desktop/broken-npm
└── babel-polyfill@6.0.16

npm WARN EPACKAGEJSON broken-npm@1.0.0 No description
npm WARN EPACKAGEJSON broken-npm@1.0.0 No repository field.
broken-npm@1.0.0 /Users/thomas/Desktop/broken-npm
└─┬ babel-preset-es2015@6.1.2
  ├── babel-plugin-transform-es2015-arrow-functions@6.0.14
  ├── babel-plugin-transform-es2015-block-scoped-functions@6.0.14
  ├─┬ babel-plugin-transform-es2015-classes@6.1.2
  │ ├── babel-helper-define-map@6.0.15
  │ ├── babel-helper-function-name@6.0.15
  │ ├── babel-helper-optimise-call-expression@6.0.15
  │ └── babel-helper-replace-supers@6.0.18
  ├── babel-plugin-transform-es2015-computed-properties@6.0.14
  ├── babel-plugin-transform-es2015-constants@6.0.15
  ├── babel-plugin-transform-es2015-destructuring@6.0.18
  ├── babel-plugin-transform-es2015-function-name@6.0.14
  ├── babel-plugin-transform-es2015-literals@6.0.18
  ├─┬ babel-plugin-transform-es2015-modules-commonjs@6.1.3
  │ └── babel-plugin-transform-strict-mode@6.1.2
  ├── babel-plugin-transform-es2015-object-super@6.0.14
  ├─┬ babel-plugin-transform-es2015-parameters@6.0.18
  │ ├─┬ babel-helper-call-delegate@6.0.15
  │ │ └── babel-helper-hoist-variables@6.0.15
  │ └── babel-helper-get-function-arity@6.0.15
  ├── babel-plugin-transform-es2015-shorthand-properties@6.0.14
  ├── babel-plugin-transform-es2015-spread@6.0.14
  ├─┬ babel-plugin-transform-es2015-sticky-regex@6.0.18
  │ └── babel-helper-regex@6.0.18
  ├── babel-plugin-transform-es2015-template-literals@6.0.14
  ├── babel-plugin-transform-es2015-typeof-symbol@6.1.2
  └─┬ babel-plugin-transform-es2015-unicode-regex@6.0.18
    └─┬ regexpu@1.3.0
      ├── esprima@2.7.0
      ├── regenerate@1.2.1
      ├── regjsgen@0.2.0
      └─┬ regjsparser@0.1.5
        └── jsesc@0.5.0

npm WARN EPACKAGEJSON broken-npm@1.0.0 No description
npm WARN EPACKAGEJSON broken-npm@1.0.0 No repository field.
broken-npm@1.0.0 /Users/thomas/Desktop/broken-npm
└── babelify@7.2.0

npm WARN EPACKAGEJSON broken-npm@1.0.0 No description
npm WARN EPACKAGEJSON broken-npm@1.0.0 No repository field.
broken-npm@1.0.0 /Users/thomas/Desktop/broken-npm
├─┬ babel-cli@6.1.2
│ └─┬ babel-core@6.1.2
│   ├─┬ babel-generator@6.1.2
│   │ └── source-map@0.4.4
│   └── source-map@0.4.4
├─┬ babel-plugin-transform-regenerator@6.0.18
│ └─┬ commoner@0.10.4
│   └─┬ recast@0.10.24
│     └── source-map@0.4.4
└─┬ watchify@3.6.0
  ├─┬ browserify@12.0.1
  │ ├── assert@1.3.0
  │ ├─┬ browser-pack@6.0.1
  │ │ ├─┬ combine-source-map@0.7.1
  │ │ │ ├─┬ inline-source-map@0.6.1
  │ │ │ │ └── source-map@0.4.4
  │ │ │ ├── lodash.memoize@3.0.4
  │ │ │ └── source-map@0.4.2
  │ │ └── umd@3.0.1
  │ ├── browser-resolve@1.10.1
  │ ├─┬ browserify-zlib@0.1.4
  │ │ └── pako@0.2.8
  │ ├─┬ buffer@3.5.1
  │ │ ├── base64-js@0.0.8
  │ │ ├── ieee754@1.1.6
  │ │ └── is-array@1.0.1
  │ ├─┬ concat-stream@1.5.1
  │ │ └── typedarray@0.0.6
  │ ├─┬ console-browserify@1.1.0
  │ │ └── date-now@0.1.4
  │ ├── constants-browserify@1.0.0
  │ ├─┬ crypto-browserify@3.11.0
  │ │ ├─┬ browserify-cipher@1.0.0
  │ │ │ ├─┬ browserify-aes@1.0.5
  │ │ │ │ └── buffer-xor@1.0.3
  │ │ │ ├─┬ browserify-des@1.0.0
  │ │ │ │ └─┬ des.js@1.0.0
  │ │ │ │   └── minimalistic-assert@1.0.0
  │ │ │ └── evp_bytestokey@1.0.0
  │ │ ├─┬ browserify-sign@4.0.0
  │ │ │ ├── bn.js@4.1.1
  │ │ │ ├── browserify-rsa@4.0.0
  │ │ │ ├─┬ elliptic@6.0.2
  │ │ │ │ ├── brorand@1.0.5
  │ │ │ │ └── hash.js@1.0.3
  │ │ │ └─┬ parse-asn1@5.0.0
  │ │ │   └── asn1.js@4.0.0
  │ │ ├── create-ecdh@4.0.0
  │ │ ├─┬ create-hash@1.1.2
  │ │ │ ├── cipher-base@1.0.2
  │ │ │ └── ripemd160@1.0.1
  │ │ ├── create-hmac@1.1.4
  │ │ ├─┬ diffie-hellman@5.0.0
  │ │ │ └── miller-rabin@4.0.0
  │ │ ├── pbkdf2@3.0.4
  │ │ ├── public-encrypt@4.0.0
  │ │ └── randombytes@2.0.1
  │ ├── deps-sort@2.0.0
  │ ├── domain-browser@1.1.4
  │ ├── duplexer2@0.1.4
  │ ├── events@1.1.0
  │ ├─┬ has@1.0.1
  │ │ └── function-bind@1.0.2
  │ ├── htmlescape@1.1.0
  │ ├── https-browserify@0.0.1
  │ ├─┬ insert-module-globals@7.0.1
  │ │ └─┬ lexical-scope@1.2.0
  │ │   └── astw@2.0.0
  │ ├─┬ JSONStream@1.0.6
  │ │ └── jsonparse@1.2.0
  │ ├─┬ labeled-stream-splicer@2.0.0
  │ │ └── stream-splicer@2.0.0
  │ ├─┬ module-deps@4.0.2
  │ │ └── stream-combiner2@1.1.1
  │ ├── os-browserify@0.1.2
  │ ├─┬ parents@1.0.1
  │ │ └── path-platform@0.11.15
  │ ├── path-browserify@0.0.0
  │ ├── process@0.11.2
  │ ├── punycode@1.3.2
  │ ├── querystring-es3@0.2.1
  │ ├── read-only-stream@2.0.0
  │ ├── resolve@1.1.6
  │ ├─┬ shasum@1.0.2
  │ │ ├── json-stable-stringify@0.0.1
  │ │ └── sha.js@2.4.4
  │ ├─┬ shell-quote@1.4.3
  │ │ ├── array-filter@0.0.1
  │ │ ├── array-map@0.0.0
  │ │ ├── array-reduce@0.0.0
  │ │ └── jsonify@0.0.0
  │ ├── stream-browserify@2.0.1
  │ ├─┬ stream-http@2.0.2
  │ │ └── builtin-status-codes@1.0.0
  │ ├── subarg@1.0.0
  │ ├── syntax-error@1.1.4
  │ ├── timers-browserify@1.4.1
  │ ├── tty-browserify@0.0.0
  │ ├─┬ url@0.11.0
  │ │ └── querystring@0.2.0
  │ ├── util@0.10.3
  │ └─┬ vm-browserify@0.0.4
  │   └── indexof@0.0.1
  ├── outpipe@1.1.1
  └── through2@2.0.0

npm WARN EPACKAGEJSON broken-npm@1.0.0 No description
npm WARN EPACKAGEJSON broken-npm@1.0.0 No repository field.
broken-npm@1.0.0 /Users/thomas/Desktop/broken-npm
└── browserify@12.0.1

npm WARN EPACKAGEJSON broken-npm@1.0.0 No description
npm WARN EPACKAGEJSON broken-npm@1.0.0 No repository field.
